<?xml version="1.0" encoding="UTF-8"?>
<coverage generated="1649982545942" clover="3.2.0">
  <project timestamp="1649982545942" name="All files">
    <metrics statements="128" coveredstatements="127" conditionals="64" coveredconditionals="60" methods="7" coveredmethods="7" elements="199" coveredelements="194" complexity="0" loc="128" ncloc="128" packages="1" files="1" classes="1"/>
    <file name="XmlBeautify.js" path="C:\temp5\xml-beautify\src\XmlBeautify.js">
      <metrics statements="128" coveredstatements="127" conditionals="64" coveredconditionals="60" methods="7" coveredmethods="7"/>
      <line num="26" count="1" type="stmt"/>
      <line num="27" count="1" type="stmt"/>
      <line num="28" count="1" type="stmt"/>
      <line num="29" count="1" type="stmt"/>
      <line num="30" count="1" type="stmt"/>
      <line num="31" count="1" type="stmt"/>
      <line num="32" count="1" type="stmt"/>
      <line num="33" count="1" type="stmt"/>
      <line num="34" count="1" type="stmt"/>
      <line num="37" count="17" type="cond" truecount="2" falsecount="0"/>
      <line num="38" count="17" type="stmt"/>
      <line num="39" count="17" type="cond" truecount="2" falsecount="0"/>
      <line num="40" count="10" type="stmt"/>
      <line num="41" count="10" type="stmt"/>
      <line num="43" count="7" type="stmt"/>
      <line num="48" count="34" type="stmt"/>
      <line num="52" count="17" type="stmt"/>
      <line num="53" count="17" type="cond" truecount="1" falsecount="1"/>
      <line num="54" count="0" type="stmt"/>
      <line num="57" count="17" type="stmt"/>
      <line num="58" count="17" type="stmt"/>
      <line num="59" count="17" type="stmt"/>
      <line num="60" count="17" type="stmt"/>
      <line num="71" count="84" type="stmt"/>
      <line num="72" count="84" type="stmt"/>
      <line num="73" count="84" type="stmt"/>
      <line num="74" count="170" type="cond" truecount="2" falsecount="0"/>
      <line num="75" count="76" type="stmt"/>
      <line num="78" count="84" type="stmt"/>
      <line num="82" count="17" type="stmt"/>
      <line num="84" count="17" type="stmt"/>
      <line num="86" count="17" type="stmt"/>
      <line num="87" count="17" type="stmt"/>
      <line num="88" count="17" type="stmt"/>
      <line num="90" count="17" type="cond" truecount="2" falsecount="0"/>
      <line num="91" count="15" type="cond" truecount="2" falsecount="0"/>
      <line num="92" count="8" type="stmt"/>
      <line num="95" count="15" type="cond" truecount="2" falsecount="0"/>
      <line num="96" count="2" type="stmt"/>
      <line num="100" count="17" type="stmt"/>
      <line num="102" count="17" type="cond" truecount="1" falsecount="1"/>
      <line num="103" count="17" type="stmt"/>
      <line num="104" count="17" type="stmt"/>
      <line num="106" count="17" type="stmt"/>
      <line num="113" count="17" type="cond" truecount="2" falsecount="0"/>
      <line num="114" count="10" type="stmt"/>
      <line num="116" count="7" type="stmt"/>
      <line num="119" count="17" type="stmt"/>
      <line num="121" count="17" type="cond" truecount="1" falsecount="1"/>
      <line num="122" count="17" type="stmt"/>
      <line num="124" count="17" type="stmt"/>
      <line num="126" count="17" type="stmt"/>
      <line num="130" count="51" type="stmt"/>
      <line num="132" count="51" type="stmt"/>
      <line num="134" count="51" type="stmt"/>
      <line num="136" count="51" type="cond" truecount="2" falsecount="0"/>
      <line num="137" count="34" type="stmt"/>
      <line num="142" count="51" type="cond" truecount="2" falsecount="0"/>
      <line num="143" count="28" type="stmt"/>
      <line num="145" count="23" type="stmt"/>
      <line num="148" count="51" type="cond" truecount="2" falsecount="0"/>
      <line num="149" count="51" type="cond" truecount="2" falsecount="0"/>
      <line num="150" count="51" type="cond" truecount="2" falsecount="0"/>
      <line num="152" count="51" type="stmt"/>
      <line num="154" count="51" type="stmt"/>
      <line num="155" count="51" type="stmt"/>
      <line num="156" count="51" type="stmt"/>
      <line num="157" count="51" type="stmt"/>
      <line num="158" count="51" type="stmt"/>
      <line num="160" count="51" type="stmt"/>
      <line num="162" count="51" type="cond" truecount="2" falsecount="0"/>
      <line num="163" count="7" type="stmt"/>
      <line num="165" count="7" type="cond" truecount="2" falsecount="0"/>
      <line num="166" count="3" type="stmt"/>
      <line num="168" count="4" type="stmt"/>
      <line num="172" count="51" type="stmt"/>
      <line num="174" count="51" type="stmt"/>
      <line num="175" count="60" type="stmt"/>
      <line num="177" count="51" type="stmt"/>
      <line num="178" count="51" type="stmt"/>
      <line num="181" count="51" type="stmt"/>
      <line num="182" count="16" type="stmt"/>
      <line num="183" count="16" type="stmt"/>
      <line num="186" count="51" type="cond" truecount="4" falsecount="0"/>
      <line num="187" count="2" type="stmt"/>
      <line num="190" count="49" type="stmt"/>
      <line num="193" count="51" type="cond" truecount="2" falsecount="0"/>
      <line num="194" count="7" type="stmt"/>
      <line num="197" count="44" type="cond" truecount="4" falsecount="0"/>
      <line num="199" count="26" type="stmt"/>
      <line num="204" count="51" type="stmt"/>
      <line num="208" count="51" type="cond" truecount="2" falsecount="0"/>
      <line num="209" count="28" type="stmt"/>
      <line num="211" count="23" type="stmt"/>
      <line num="214" count="51" type="stmt"/>
      <line num="216" count="34" type="cond" truecount="2" falsecount="0"/>
      <line num="217" count="18" type="stmt"/>
      <line num="219" count="16" type="stmt"/>
      <line num="221" count="34" type="stmt"/>
      <line num="223" count="51" type="stmt"/>
      <line num="225" count="51" type="cond" truecount="2" falsecount="0"/>
      <line num="226" count="20" type="cond" truecount="2" falsecount="0"/>
      <line num="229" count="18" type="stmt"/>
      <line num="230" count="18" type="stmt"/>
      <line num="231" count="18" type="stmt"/>
      <line num="234" count="31" type="stmt"/>
      <line num="236" count="31" type="cond" truecount="4" falsecount="0"/>
      <line num="237" count="24" type="stmt"/>
      <line num="239" count="31" type="stmt"/>
      <line num="240" count="31" type="stmt"/>
      <line num="253" count="7" type="stmt"/>
      <line num="254" count="7" type="stmt"/>
      <line num="255" count="7" type="stmt"/>
      <line num="256" count="7" type="stmt"/>
      <line num="257" count="11" type="cond" truecount="2" falsecount="0"/>
      <line num="259" count="8" type="stmt"/>
      <line num="260" count="8" type="stmt"/>
      <line num="262" count="8" type="cond" truecount="2" falsecount="0"/>
      <line num="263" count="6" type="stmt"/>
      <line num="265" count="3" type="cond" truecount="1" falsecount="1"/>
      <line num="266" count="3" type="stmt"/>
      <line num="267" count="3" type="stmt"/>
      <line num="268" count="3" type="stmt"/>
      <line num="269" count="3" type="stmt"/>
      <line num="270" count="3" type="stmt"/>
      <line num="273" count="7" type="cond" truecount="2" falsecount="0"/>
      <line num="274" count="3" type="stmt"/>
      <line num="276" count="4" type="stmt"/>
    </file>
  </project>
</coverage>
