{"C:\\temp5\\xml-beautify\\src\\XmlBeautify.js": {"path":"C:\\temp5\\xml-beautify\\src\\XmlBeautify.js","statementMap":{"0":{"start":{"line":26,"column":21},"end":{"line":26,"column":22}},"1":{"start":{"line":27,"column":23},"end":{"line":27,"column":24}},"2":{"start":{"line":28,"column":18},"end":{"line":28,"column":19}},"3":{"start":{"line":29,"column":27},"end":{"line":29,"column":28}},"4":{"start":{"line":30,"column":36},"end":{"line":30,"column":37}},"5":{"start":{"line":31,"column":21},"end":{"line":31,"column":22}},"6":{"start":{"line":32,"column":22},"end":{"line":32,"column":23}},"7":{"start":{"line":33,"column":27},"end":{"line":33,"column":29}},"8":{"start":{"line":34,"column":31},"end":{"line":34,"column":33}},"9":{"start":{"line":37,"column":16},"end":{"line":37,"column":28}},"10":{"start":{"line":38,"column":4},"end":{"line":38,"column":36}},"11":{"start":{"line":39,"column":4},"end":{"line":44,"column":5}},"12":{"start":{"line":40,"column":6},"end":{"line":40,"column":37}},"13":{"start":{"line":41,"column":6},"end":{"line":41,"column":37}},"14":{"start":{"line":43,"column":6},"end":{"line":43,"column":36}},"15":{"start":{"line":48,"column":4},"end":{"line":48,"column":41}},"16":{"start":{"line":52,"column":15},"end":{"line":52,"column":19}},"17":{"start":{"line":53,"column":4},"end":{"line":55,"column":5}},"18":{"start":{"line":54,"column":6},"end":{"line":54,"column":18}},"19":{"start":{"line":57,"column":29},"end":{"line":57,"column":94}},"20":{"start":{"line":58,"column":27},"end":{"line":58,"column":49}},"21":{"start":{"line":59,"column":21},"end":{"line":59,"column":88}},"22":{"start":{"line":60,"column":4},"end":{"line":60,"column":20}},"23":{"start":{"line":71,"column":17},"end":{"line":71,"column":19}},"24":{"start":{"line":72,"column":28},"end":{"line":72,"column":53}},"25":{"start":{"line":73,"column":4},"end":{"line":77,"column":5}},"26":{"start":{"line":73,"column":17},"end":{"line":73,"column":18}},"27":{"start":{"line":74,"column":6},"end":{"line":76,"column":7}},"28":{"start":{"line":75,"column":8},"end":{"line":75,"column":41}},"29":{"start":{"line":78,"column":4},"end":{"line":78,"column":16}},"30":{"start":{"line":82,"column":15},"end":{"line":82,"column":19}},"31":{"start":{"line":84,"column":16},"end":{"line":84,"column":62}},"32":{"start":{"line":86,"column":17},"end":{"line":86,"column":21}},"33":{"start":{"line":87,"column":21},"end":{"line":87,"column":28}},"34":{"start":{"line":88,"column":32},"end":{"line":88,"column":37}},"35":{"start":{"line":90,"column":4},"end":{"line":98,"column":5}},"36":{"start":{"line":91,"column":6},"end":{"line":93,"column":7}},"37":{"start":{"line":92,"column":8},"end":{"line":92,"column":29}},"38":{"start":{"line":95,"column":6},"end":{"line":97,"column":7}},"39":{"start":{"line":96,"column":8},"end":{"line":96,"column":59}},"40":{"start":{"line":100,"column":20},"end":{"line":100,"column":24}},"41":{"start":{"line":102,"column":4},"end":{"line":105,"column":5}},"42":{"start":{"line":103,"column":23},"end":{"line":103,"column":46}},"43":{"start":{"line":104,"column":6},"end":{"line":104,"column":70}},"44":{"start":{"line":106,"column":22},"end":{"line":111,"column":5}},"45":{"start":{"line":113,"column":4},"end":{"line":117,"column":5}},"46":{"start":{"line":114,"column":6},"end":{"line":114,"column":61}},"47":{"start":{"line":116,"column":6},"end":{"line":116,"column":54}},"48":{"start":{"line":119,"column":20},"end":{"line":119,"column":22}},"49":{"start":{"line":121,"column":4},"end":{"line":123,"column":5}},"50":{"start":{"line":122,"column":6},"end":{"line":122,"column":36}},"51":{"start":{"line":124,"column":4},"end":{"line":124,"column":35}},"52":{"start":{"line":126,"column":4},"end":{"line":126,"column":21}},"53":{"start":{"line":130,"column":15},"end":{"line":130,"column":19}},"54":{"start":{"line":132,"column":29},"end":{"line":132,"column":48}},"55":{"start":{"line":134,"column":40},"end":{"line":134,"column":136}},"56":{"start":{"line":136,"column":4},"end":{"line":138,"column":5}},"57":{"start":{"line":137,"column":6},"end":{"line":137,"column":30}},"58":{"start":{"line":142,"column":4},"end":{"line":146,"column":5}},"59":{"start":{"line":143,"column":6},"end":{"line":143,"column":65}},"60":{"start":{"line":145,"column":6},"end":{"line":145,"column":60}},"61":{"start":{"line":148,"column":39},"end":{"line":148,"column":90}},"62":{"start":{"line":149,"column":31},"end":{"line":149,"column":80}},"63":{"start":{"line":150,"column":27},"end":{"line":150,"column":77}},"64":{"start":{"line":152,"column":34},"end":{"line":152,"column":65}},"65":{"start":{"line":154,"column":27},"end":{"line":154,"column":30}},"66":{"start":{"line":155,"column":27},"end":{"line":155,"column":30}},"67":{"start":{"line":156,"column":32},"end":{"line":156,"column":37}},"68":{"start":{"line":157,"column":25},"end":{"line":157,"column":29}},"69":{"start":{"line":158,"column":25},"end":{"line":158,"column":28}},"70":{"start":{"line":160,"column":25},"end":{"line":160,"column":27}},"71":{"start":{"line":162,"column":4},"end":{"line":170,"column":5}},"72":{"start":{"line":163,"column":41},"end":{"line":163,"column":72}},"73":{"start":{"line":165,"column":6},"end":{"line":169,"column":7}},"74":{"start":{"line":166,"column":8},"end":{"line":166,"column":34}},"75":{"start":{"line":168,"column":8},"end":{"line":168,"column":45}},"76":{"start":{"line":172,"column":21},"end":{"line":172,"column":23}},"77":{"start":{"line":174,"column":4},"end":{"line":176,"column":5}},"78":{"start":{"line":174,"column":19},"end":{"line":174,"column":20}},"79":{"start":{"line":175,"column":6},"end":{"line":175,"column":41}},"80":{"start":{"line":177,"column":4},"end":{"line":177,"column":36}},"81":{"start":{"line":178,"column":4},"end":{"line":178,"column":57}},"82":{"start":{"line":181,"column":4},"end":{"line":184,"column":5}},"83":{"start":{"line":181,"column":17},"end":{"line":181,"column":18}},"84":{"start":{"line":182,"column":19},"end":{"line":182,"column":40}},"85":{"start":{"line":183,"column":6},"end":{"line":183,"column":80}},"86":{"start":{"line":186,"column":4},"end":{"line":191,"column":5}},"87":{"start":{"line":187,"column":6},"end":{"line":187,"column":47}},"88":{"start":{"line":190,"column":6},"end":{"line":190,"column":42}},"89":{"start":{"line":193,"column":4},"end":{"line":202,"column":5}},"90":{"start":{"line":194,"column":6},"end":{"line":194,"column":42}},"91":{"start":{"line":197,"column":6},"end":{"line":200,"column":7}},"92":{"start":{"line":199,"column":8},"end":{"line":199,"column":34}},"93":{"start":{"line":204,"column":4},"end":{"line":204,"column":28}},"94":{"start":{"line":208,"column":4},"end":{"line":212,"column":5}},"95":{"start":{"line":209,"column":6},"end":{"line":209,"column":52}},"96":{"start":{"line":211,"column":6},"end":{"line":211,"column":47}},"97":{"start":{"line":214,"column":4},"end":{"line":222,"column":5}},"98":{"start":{"line":214,"column":17},"end":{"line":214,"column":18}},"99":{"start":{"line":216,"column":6},"end":{"line":220,"column":7}},"100":{"start":{"line":217,"column":8},"end":{"line":217,"column":41}},"101":{"start":{"line":219,"column":8},"end":{"line":219,"column":36}},"102":{"start":{"line":221,"column":6},"end":{"line":221,"column":44}},"103":{"start":{"line":223,"column":4},"end":{"line":223,"column":28}},"104":{"start":{"line":225,"column":4},"end":{"line":241,"column":5}},"105":{"start":{"line":226,"column":6},"end":{"line":232,"column":7}},"106":{"start":{"line":229,"column":23},"end":{"line":229,"column":68}},"107":{"start":{"line":230,"column":8},"end":{"line":230,"column":36}},"108":{"start":{"line":231,"column":8},"end":{"line":231,"column":34}},"109":{"start":{"line":234,"column":21},"end":{"line":234,"column":66}},"110":{"start":{"line":236,"column":6},"end":{"line":238,"column":7}},"111":{"start":{"line":237,"column":8},"end":{"line":237,"column":40}},"112":{"start":{"line":239,"column":6},"end":{"line":239,"column":34}},"113":{"start":{"line":240,"column":6},"end":{"line":240,"column":32}},"114":{"start":{"line":253,"column":28},"end":{"line":253,"column":53}},"115":{"start":{"line":254,"column":22},"end":{"line":254,"column":24}},"116":{"start":{"line":255,"column":19},"end":{"line":255,"column":24}},"117":{"start":{"line":256,"column":4},"end":{"line":272,"column":5}},"118":{"start":{"line":256,"column":17},"end":{"line":256,"column":18}},"119":{"start":{"line":257,"column":6},"end":{"line":271,"column":7}},"120":{"start":{"line":259,"column":21},"end":{"line":259,"column":47}},"121":{"start":{"line":260,"column":44},"end":{"line":260,"column":126}},"122":{"start":{"line":262,"column":8},"end":{"line":264,"column":9}},"123":{"start":{"line":263,"column":10},"end":{"line":263,"column":52}},"124":{"start":{"line":265,"column":13},"end":{"line":271,"column":7}},"125":{"start":{"line":266,"column":21},"end":{"line":266,"column":47}},"126":{"start":{"line":267,"column":8},"end":{"line":267,"column":35}},"127":{"start":{"line":268,"column":8},"end":{"line":268,"column":28}},"128":{"start":{"line":269,"column":8},"end":{"line":269,"column":29}},"129":{"start":{"line":270,"column":8},"end":{"line":270,"column":24}},"130":{"start":{"line":273,"column":4},"end":{"line":275,"column":5}},"131":{"start":{"line":274,"column":6},"end":{"line":274,"column":59}},"132":{"start":{"line":276,"column":4},"end":{"line":276,"column":36}}},"fnMap":{"0":{"name":"(anonymous_0)","decl":{"start":{"line":36,"column":2},"end":{"line":36,"column":3}},"loc":{"start":{"line":36,"column":22},"end":{"line":45,"column":3}},"line":36},"1":{"name":"(anonymous_1)","decl":{"start":{"line":47,"column":2},"end":{"line":47,"column":3}},"loc":{"start":{"line":47,"column":21},"end":{"line":49,"column":3}},"line":47},"2":{"name":"(anonymous_2)","decl":{"start":{"line":51,"column":2},"end":{"line":51,"column":3}},"loc":{"start":{"line":51,"column":23},"end":{"line":61,"column":3}},"line":51},"3":{"name":"(anonymous_3)","decl":{"start":{"line":70,"column":2},"end":{"line":70,"column":3}},"loc":{"start":{"line":70,"column":21},"end":{"line":79,"column":3}},"line":70},"4":{"name":"(anonymous_4)","decl":{"start":{"line":81,"column":2},"end":{"line":81,"column":3}},"loc":{"start":{"line":81,"column":26},"end":{"line":127,"column":3}},"line":81},"5":{"name":"(anonymous_5)","decl":{"start":{"line":129,"column":2},"end":{"line":129,"column":3}},"loc":{"start":{"line":129,"column":39},"end":{"line":242,"column":3}},"line":129},"6":{"name":"(anonymous_6)","decl":{"start":{"line":252,"column":2},"end":{"line":252,"column":3}},"loc":{"start":{"line":252,"column":31},"end":{"line":277,"column":3}},"line":252}},"branchMap":{"0":{"loc":{"start":{"line":37,"column":16},"end":{"line":37,"column":28}},"type":"binary-expr","locations":[{"start":{"line":37,"column":16},"end":{"line":37,"column":22}},{"start":{"line":37,"column":26},"end":{"line":37,"column":28}}],"line":37},"1":{"loc":{"start":{"line":39,"column":4},"end":{"line":44,"column":5}},"type":"if","locations":[{"start":{"line":39,"column":4},"end":{"line":44,"column":5}},{"start":{"line":42,"column":11},"end":{"line":44,"column":5}}],"line":39},"2":{"loc":{"start":{"line":53,"column":4},"end":{"line":55,"column":5}},"type":"if","locations":[{"start":{"line":53,"column":4},"end":{"line":55,"column":5}},{"start":{},"end":{}}],"line":53},"3":{"loc":{"start":{"line":74,"column":6},"end":{"line":76,"column":7}},"type":"if","locations":[{"start":{"line":74,"column":6},"end":{"line":76,"column":7}},{"start":{},"end":{}}],"line":74},"4":{"loc":{"start":{"line":90,"column":4},"end":{"line":98,"column":5}},"type":"if","locations":[{"start":{"line":90,"column":4},"end":{"line":98,"column":5}},{"start":{},"end":{}}],"line":90},"5":{"loc":{"start":{"line":91,"column":6},"end":{"line":93,"column":7}},"type":"if","locations":[{"start":{"line":91,"column":6},"end":{"line":93,"column":7}},{"start":{},"end":{}}],"line":91},"6":{"loc":{"start":{"line":95,"column":6},"end":{"line":97,"column":7}},"type":"if","locations":[{"start":{"line":95,"column":6},"end":{"line":97,"column":7}},{"start":{},"end":{}}],"line":95},"7":{"loc":{"start":{"line":102,"column":4},"end":{"line":105,"column":5}},"type":"if","locations":[{"start":{"line":102,"column":4},"end":{"line":105,"column":5}},{"start":{},"end":{}}],"line":102},"8":{"loc":{"start":{"line":113,"column":4},"end":{"line":117,"column":5}},"type":"if","locations":[{"start":{"line":113,"column":4},"end":{"line":117,"column":5}},{"start":{"line":115,"column":11},"end":{"line":117,"column":5}}],"line":113},"9":{"loc":{"start":{"line":121,"column":4},"end":{"line":123,"column":5}},"type":"if","locations":[{"start":{"line":121,"column":4},"end":{"line":123,"column":5}},{"start":{},"end":{}}],"line":121},"10":{"loc":{"start":{"line":136,"column":4},"end":{"line":138,"column":5}},"type":"if","locations":[{"start":{"line":136,"column":4},"end":{"line":138,"column":5}},{"start":{},"end":{}}],"line":136},"11":{"loc":{"start":{"line":142,"column":4},"end":{"line":146,"column":5}},"type":"if","locations":[{"start":{"line":142,"column":4},"end":{"line":146,"column":5}},{"start":{"line":144,"column":11},"end":{"line":146,"column":5}}],"line":142},"12":{"loc":{"start":{"line":148,"column":39},"end":{"line":148,"column":90}},"type":"binary-expr","locations":[{"start":{"line":148,"column":39},"end":{"line":148,"column":57}},{"start":{"line":148,"column":61},"end":{"line":148,"column":90}}],"line":148},"13":{"loc":{"start":{"line":149,"column":31},"end":{"line":149,"column":80}},"type":"binary-expr","locations":[{"start":{"line":149,"column":31},"end":{"line":149,"column":51}},{"start":{"line":149,"column":55},"end":{"line":149,"column":80}}],"line":149},"14":{"loc":{"start":{"line":150,"column":27},"end":{"line":150,"column":77}},"type":"binary-expr","locations":[{"start":{"line":150,"column":27},"end":{"line":150,"column":47}},{"start":{"line":150,"column":51},"end":{"line":150,"column":77}}],"line":150},"15":{"loc":{"start":{"line":162,"column":4},"end":{"line":170,"column":5}},"type":"if","locations":[{"start":{"line":162,"column":4},"end":{"line":170,"column":5}},{"start":{},"end":{}}],"line":162},"16":{"loc":{"start":{"line":165,"column":6},"end":{"line":169,"column":7}},"type":"if","locations":[{"start":{"line":165,"column":6},"end":{"line":169,"column":7}},{"start":{"line":167,"column":13},"end":{"line":169,"column":7}}],"line":165},"17":{"loc":{"start":{"line":186,"column":4},"end":{"line":191,"column":5}},"type":"if","locations":[{"start":{"line":186,"column":4},"end":{"line":191,"column":5}},{"start":{"line":189,"column":11},"end":{"line":191,"column":5}}],"line":186},"18":{"loc":{"start":{"line":186,"column":8},"end":{"line":186,"column":47}},"type":"binary-expr","locations":[{"start":{"line":186,"column":8},"end":{"line":186,"column":22}},{"start":{"line":186,"column":26},"end":{"line":186,"column":47}}],"line":186},"19":{"loc":{"start":{"line":193,"column":4},"end":{"line":202,"column":5}},"type":"if","locations":[{"start":{"line":193,"column":4},"end":{"line":202,"column":5}},{"start":{"line":195,"column":11},"end":{"line":202,"column":5}}],"line":193},"20":{"loc":{"start":{"line":197,"column":6},"end":{"line":200,"column":7}},"type":"if","locations":[{"start":{"line":197,"column":6},"end":{"line":200,"column":7}},{"start":{"line":198,"column":13},"end":{"line":200,"column":7}}],"line":197},"21":{"loc":{"start":{"line":197,"column":10},"end":{"line":197,"column":50}},"type":"binary-expr","locations":[{"start":{"line":197,"column":10},"end":{"line":197,"column":24}},{"start":{"line":197,"column":28},"end":{"line":197,"column":50}}],"line":197},"22":{"loc":{"start":{"line":208,"column":4},"end":{"line":212,"column":5}},"type":"if","locations":[{"start":{"line":208,"column":4},"end":{"line":212,"column":5}},{"start":{"line":210,"column":11},"end":{"line":212,"column":5}}],"line":208},"23":{"loc":{"start":{"line":216,"column":6},"end":{"line":220,"column":7}},"type":"if","locations":[{"start":{"line":216,"column":6},"end":{"line":220,"column":7}},{"start":{"line":218,"column":13},"end":{"line":220,"column":7}}],"line":216},"24":{"loc":{"start":{"line":225,"column":4},"end":{"line":241,"column":5}},"type":"if","locations":[{"start":{"line":225,"column":4},"end":{"line":241,"column":5}},{"start":{"line":233,"column":11},"end":{"line":241,"column":5}}],"line":225},"25":{"loc":{"start":{"line":226,"column":6},"end":{"line":232,"column":7}},"type":"if","locations":[{"start":{"line":226,"column":6},"end":{"line":232,"column":7}},{"start":{"line":228,"column":13},"end":{"line":232,"column":7}}],"line":226},"26":{"loc":{"start":{"line":236,"column":6},"end":{"line":238,"column":7}},"type":"if","locations":[{"start":{"line":236,"column":6},"end":{"line":238,"column":7}},{"start":{},"end":{}}],"line":236},"27":{"loc":{"start":{"line":236,"column":12},"end":{"line":236,"column":61}},"type":"binary-expr","locations":[{"start":{"line":236,"column":12},"end":{"line":236,"column":32}},{"start":{"line":236,"column":36},"end":{"line":236,"column":61}}],"line":236},"28":{"loc":{"start":{"line":257,"column":6},"end":{"line":271,"column":7}},"type":"if","locations":[{"start":{"line":257,"column":6},"end":{"line":271,"column":7}},{"start":{"line":265,"column":13},"end":{"line":271,"column":7}}],"line":257},"29":{"loc":{"start":{"line":262,"column":8},"end":{"line":264,"column":9}},"type":"if","locations":[{"start":{"line":262,"column":8},"end":{"line":264,"column":9}},{"start":{},"end":{}}],"line":262},"30":{"loc":{"start":{"line":265,"column":13},"end":{"line":271,"column":7}},"type":"if","locations":[{"start":{"line":265,"column":13},"end":{"line":271,"column":7}},{"start":{},"end":{}}],"line":265},"31":{"loc":{"start":{"line":273,"column":4},"end":{"line":275,"column":5}},"type":"if","locations":[{"start":{"line":273,"column":4},"end":{"line":275,"column":5}},{"start":{},"end":{}}],"line":273}},"s":{"0":1,"1":1,"2":1,"3":1,"4":1,"5":1,"6":1,"7":1,"8":1,"9":17,"10":17,"11":17,"12":10,"13":10,"14":7,"15":34,"16":17,"17":17,"18":0,"19":17,"20":17,"21":17,"22":17,"23":84,"24":84,"25":84,"26":84,"27":170,"28":76,"29":84,"30":17,"31":17,"32":17,"33":17,"34":17,"35":17,"36":15,"37":8,"38":15,"39":2,"40":17,"41":17,"42":17,"43":17,"44":17,"45":17,"46":10,"47":7,"48":17,"49":17,"50":17,"51":17,"52":17,"53":51,"54":51,"55":51,"56":51,"57":34,"58":51,"59":28,"60":23,"61":51,"62":51,"63":51,"64":51,"65":51,"66":51,"67":51,"68":51,"69":51,"70":51,"71":51,"72":7,"73":7,"74":3,"75":4,"76":51,"77":51,"78":51,"79":60,"80":51,"81":51,"82":51,"83":51,"84":16,"85":16,"86":51,"87":2,"88":49,"89":51,"90":7,"91":44,"92":26,"93":51,"94":51,"95":28,"96":23,"97":51,"98":51,"99":34,"100":18,"101":16,"102":34,"103":51,"104":51,"105":20,"106":18,"107":18,"108":18,"109":31,"110":31,"111":24,"112":31,"113":31,"114":7,"115":7,"116":7,"117":7,"118":7,"119":11,"120":8,"121":8,"122":8,"123":6,"124":3,"125":3,"126":3,"127":3,"128":3,"129":3,"130":7,"131":3,"132":4},"f":{"0":17,"1":34,"2":17,"3":84,"4":17,"5":51,"6":7},"b":{"0":[17,7],"1":[10,7],"2":[0,17],"3":[76,94],"4":[15,2],"5":[8,7],"6":[2,13],"7":[17,0],"8":[10,7],"9":[17,0],"10":[34,17],"11":[28,23],"12":[51,17],"13":[51,27],"14":[51,27],"15":[7,44],"16":[3,4],"17":[2,49],"18":[51,20],"19":[7,44],"20":[18,26],"21":[44,20],"22":[28,23],"23":[18,16],"24":[20,31],"25":[2,18],"26":[24,7],"27":[31,7],"28":[8,3],"29":[6,2],"30":[3,0],"31":[3,4]},"_coverageSchema":"1a1c01bbd47fc00a2c39e90264f33305004495a9","hash":"3dac9c3fd099238d0916b0918902abce49bf160b"}
}
