TN:
SF:src\XmlBeautify.js
FN:36,(anonymous_0)
FN:47,(anonymous_1)
FN:51,(anonymous_2)
FN:70,(anonymous_3)
FN:81,(anonymous_4)
FN:129,(anonymous_5)
FN:252,(anonymous_6)
FNF:7
FNH:7
FNDA:17,(anonymous_0)
FNDA:34,(anonymous_1)
FNDA:17,(anonymous_2)
FNDA:84,(anonymous_3)
FNDA:17,(anonymous_4)
FNDA:51,(anonymous_5)
FNDA:7,(anonymous_6)
DA:26,1
DA:27,1
DA:28,1
DA:29,1
DA:30,1
DA:31,1
DA:32,1
DA:33,1
DA:34,1
DA:37,17
DA:38,17
DA:39,17
DA:40,10
DA:41,10
DA:43,7
DA:48,34
DA:52,17
DA:53,17
DA:54,0
DA:57,17
DA:58,17
DA:59,17
DA:60,17
DA:71,84
DA:72,84
DA:73,84
DA:74,170
DA:75,76
DA:78,84
DA:82,17
DA:84,17
DA:86,17
DA:87,17
DA:88,17
DA:90,17
DA:91,15
DA:92,8
DA:95,15
DA:96,2
DA:100,17
DA:102,17
DA:103,17
DA:104,17
DA:106,17
DA:113,17
DA:114,10
DA:116,7
DA:119,17
DA:121,17
DA:122,17
DA:124,17
DA:126,17
DA:130,51
DA:132,51
DA:134,51
DA:136,51
DA:137,34
DA:142,51
DA:143,28
DA:145,23
DA:148,51
DA:149,51
DA:150,51
DA:152,51
DA:154,51
DA:155,51
DA:156,51
DA:157,51
DA:158,51
DA:160,51
DA:162,51
DA:163,7
DA:165,7
DA:166,3
DA:168,4
DA:172,51
DA:174,51
DA:175,60
DA:177,51
DA:178,51
DA:181,51
DA:182,16
DA:183,16
DA:186,51
DA:187,2
DA:190,49
DA:193,51
DA:194,7
DA:197,44
DA:199,26
DA:204,51
DA:208,51
DA:209,28
DA:211,23
DA:214,51
DA:216,34
DA:217,18
DA:219,16
DA:221,34
DA:223,51
DA:225,51
DA:226,20
DA:229,18
DA:230,18
DA:231,18
DA:234,31
DA:236,31
DA:237,24
DA:239,31
DA:240,31
DA:253,7
DA:254,7
DA:255,7
DA:256,7
DA:257,11
DA:259,8
DA:260,8
DA:262,8
DA:263,6
DA:265,3
DA:266,3
DA:267,3
DA:268,3
DA:269,3
DA:270,3
DA:273,7
DA:274,3
DA:276,4
LF:128
LH:127
BRDA:37,0,0,17
BRDA:37,0,1,7
BRDA:39,1,0,10
BRDA:39,1,1,7
BRDA:53,2,0,0
BRDA:53,2,1,17
BRDA:74,3,0,76
BRDA:74,3,1,94
BRDA:90,4,0,15
BRDA:90,4,1,2
BRDA:91,5,0,8
BRDA:91,5,1,7
BRDA:95,6,0,2
BRDA:95,6,1,13
BRDA:102,7,0,17
BRDA:102,7,1,0
BRDA:113,8,0,10
BRDA:113,8,1,7
BRDA:121,9,0,17
BRDA:121,9,1,0
BRDA:136,10,0,34
BRDA:136,10,1,17
BRDA:142,11,0,28
BRDA:142,11,1,23
BRDA:148,12,0,51
BRDA:148,12,1,17
BRDA:149,13,0,51
BRDA:149,13,1,27
BRDA:150,14,0,51
BRDA:150,14,1,27
BRDA:162,15,0,7
BRDA:162,15,1,44
BRDA:165,16,0,3
BRDA:165,16,1,4
BRDA:186,17,0,2
BRDA:186,17,1,49
BRDA:186,18,0,51
BRDA:186,18,1,20
BRDA:193,19,0,7
BRDA:193,19,1,44
BRDA:197,20,0,18
BRDA:197,20,1,26
BRDA:197,21,0,44
BRDA:197,21,1,20
BRDA:208,22,0,28
BRDA:208,22,1,23
BRDA:216,23,0,18
BRDA:216,23,1,16
BRDA:225,24,0,20
BRDA:225,24,1,31
BRDA:226,25,0,2
BRDA:226,25,1,18
BRDA:236,26,0,24
BRDA:236,26,1,7
BRDA:236,27,0,31
BRDA:236,27,1,7
BRDA:257,28,0,8
BRDA:257,28,1,3
BRDA:262,29,0,6
BRDA:262,29,1,2
BRDA:265,30,0,3
BRDA:265,30,1,0
BRDA:273,31,0,3
BRDA:273,31,1,4
BRF:64
BRH:60
end_of_record
